Arguments: 
  /usr/bin/node /usr/bin/yarn add lite-server --save-dev

PATH: 
  /home/devendra/.pyenv/shims:/usr/local/bin:/usr/bin:/bin:/usr/local/sbin:/usr/lib/jvm/default/bin:/usr/bin/site_perl:/usr/bin/vendor_perl:/usr/bin/core_perl:/home/devendra/.gem/ruby/2.7.0/bin

Yarn version: 
  1.22.5

Node version: 
  14.9.0

Platform: 
  linux x64

Trace: 
  Error: read ECONNRESET
      at TLSWrap.onStreamRead (internal/stream_base_commons.js:209:20)

npm manifest: 
  {
    "name": "git-test",
    "version": "1.0.0",
    "description": "Test directory to learn node",
    "main": "index.html",
    "repository": "git@github.com:devendr4/git-test.git",
    "author": "devendr4 <angel.emo.altuve@gmail.com>",
    "license": "MIT"
  }

yarn manifest: 
  No manifest

Lockfile: 
  No lockfile
